{"/mnt/c/Users/laoui/Google Drive/W21/CSE110/lb/110-G/cse110-w21-group23/source/main.js": {"path":"/mnt/c/Users/laoui/Google Drive/W21/CSE110/lb/110-G/cse110-w21-group23/source/main.js","statementMap":{"0":{"start":{"line":3,"column":20},"end":{"line":3,"column":51}},"1":{"start":{"line":4,"column":14},"end":{"line":4,"column":46}},"2":{"start":{"line":5,"column":16},"end":{"line":5,"column":50}},"3":{"start":{"line":6,"column":17},"end":{"line":6,"column":49}},"4":{"start":{"line":7,"column":17},"end":{"line":7,"column":49}},"5":{"start":{"line":12,"column":16},"end":{"line":12,"column":17}},"6":{"start":{"line":13,"column":19},"end":{"line":13,"column":20}},"7":{"start":{"line":14,"column":19},"end":{"line":14,"column":26}},"8":{"start":{"line":15,"column":18},"end":{"line":15,"column":25}},"9":{"start":{"line":16,"column":13},"end":{"line":16,"column":28}},"10":{"start":{"line":18,"column":0},"end":{"line":20,"column":2}},"11":{"start":{"line":19,"column":2},"end":{"line":19,"column":21}},"12":{"start":{"line":26,"column":2},"end":{"line":32,"column":3}},"13":{"start":{"line":27,"column":4},"end":{"line":27,"column":37}},"14":{"start":{"line":28,"column":4},"end":{"line":28,"column":17}},"15":{"start":{"line":30,"column":4},"end":{"line":30,"column":38}},"16":{"start":{"line":31,"column":4},"end":{"line":31,"column":17}},"17":{"start":{"line":39,"column":17},"end":{"line":39,"column":23}},"18":{"start":{"line":45,"column":2},"end":{"line":45,"column":29}},"19":{"start":{"line":46,"column":2},"end":{"line":46,"column":46}},"20":{"start":{"line":47,"column":2},"end":{"line":47,"column":43}},"21":{"start":{"line":50,"column":4},"end":{"line":50,"column":69}},"22":{"start":{"line":51,"column":2},"end":{"line":51,"column":57}},"23":{"start":{"line":59,"column":14},"end":{"line":59,"column":34}},"24":{"start":{"line":60,"column":21},"end":{"line":60,"column":40}},"25":{"start":{"line":61,"column":2},"end":{"line":61,"column":26}},"26":{"start":{"line":68,"column":15},"end":{"line":70,"column":3}},"27":{"start":{"line":71,"column":15},"end":{"line":71,"column":68}},"28":{"start":{"line":74,"column":2},"end":{"line":76,"column":3}},"29":{"start":{"line":75,"column":4},"end":{"line":75,"column":37}},"30":{"start":{"line":77,"column":2},"end":{"line":79,"column":3}},"31":{"start":{"line":78,"column":4},"end":{"line":78,"column":37}},"32":{"start":{"line":80,"column":2},"end":{"line":80,"column":42}},"33":{"start":{"line":83,"column":2},"end":{"line":99,"column":3}},"34":{"start":{"line":85,"column":4},"end":{"line":85,"column":28}},"35":{"start":{"line":88,"column":4},"end":{"line":98,"column":5}},"36":{"start":{"line":89,"column":6},"end":{"line":95,"column":7}},"37":{"start":{"line":90,"column":8},"end":{"line":90,"column":34}},"38":{"start":{"line":91,"column":8},"end":{"line":91,"column":25}},"39":{"start":{"line":93,"column":8},"end":{"line":93,"column":35}},"40":{"start":{"line":94,"column":8},"end":{"line":94,"column":26}},"41":{"start":{"line":96,"column":11},"end":{"line":98,"column":5}},"42":{"start":{"line":97,"column":6},"end":{"line":97,"column":17}},"43":{"start":{"line":106,"column":2},"end":{"line":106,"column":35}},"44":{"start":{"line":107,"column":2},"end":{"line":107,"column":52}},"45":{"start":{"line":108,"column":2},"end":{"line":108,"column":25}},"46":{"start":{"line":109,"column":2},"end":{"line":109,"column":22}},"47":{"start":{"line":110,"column":2},"end":{"line":110,"column":16}},"48":{"start":{"line":111,"column":2},"end":{"line":111,"column":63}},"49":{"start":{"line":112,"column":2},"end":{"line":112,"column":26}},"50":{"start":{"line":119,"column":2},"end":{"line":119,"column":13}},"51":{"start":{"line":120,"column":2},"end":{"line":125,"column":11}},"52":{"start":{"line":121,"column":4},"end":{"line":121,"column":33}},"53":{"start":{"line":122,"column":4},"end":{"line":122,"column":38}},"54":{"start":{"line":123,"column":4},"end":{"line":123,"column":54}},"55":{"start":{"line":124,"column":4},"end":{"line":124,"column":37}},"56":{"start":{"line":132,"column":2},"end":{"line":132,"column":13}},"57":{"start":{"line":133,"column":2},"end":{"line":151,"column":11}},"58":{"start":{"line":134,"column":4},"end":{"line":134,"column":26}},"59":{"start":{"line":135,"column":4},"end":{"line":135,"column":37}},"60":{"start":{"line":137,"column":4},"end":{"line":143,"column":5}},"61":{"start":{"line":139,"column":6},"end":{"line":139,"column":20}},"62":{"start":{"line":140,"column":11},"end":{"line":143,"column":5}},"63":{"start":{"line":142,"column":6},"end":{"line":142,"column":19}},"64":{"start":{"line":144,"column":4},"end":{"line":144,"column":64}},"65":{"start":{"line":145,"column":4},"end":{"line":145,"column":23}},"66":{"start":{"line":147,"column":4},"end":{"line":147,"column":27}},"67":{"start":{"line":148,"column":4},"end":{"line":148,"column":38}},"68":{"start":{"line":149,"column":4},"end":{"line":149,"column":37}},"69":{"start":{"line":150,"column":4},"end":{"line":150,"column":54}},"70":{"start":{"line":158,"column":2},"end":{"line":158,"column":13}},"71":{"start":{"line":159,"column":2},"end":{"line":164,"column":11}},"72":{"start":{"line":160,"column":4},"end":{"line":160,"column":32}},"73":{"start":{"line":161,"column":4},"end":{"line":161,"column":38}},"74":{"start":{"line":162,"column":4},"end":{"line":162,"column":54}},"75":{"start":{"line":163,"column":4},"end":{"line":163,"column":37}},"76":{"start":{"line":171,"column":2},"end":{"line":171,"column":28}}},"fnMap":{"0":{"name":"(anonymous_0)","decl":{"start":{"line":18,"column":22},"end":{"line":18,"column":23}},"loc":{"start":{"line":18,"column":34},"end":{"line":20,"column":1}},"line":18},"1":{"name":"changeButtonText","decl":{"start":{"line":25,"column":9},"end":{"line":25,"column":25}},"loc":{"start":{"line":25,"column":28},"end":{"line":33,"column":1}},"line":25},"2":{"name":"startTimer","decl":{"start":{"line":44,"column":9},"end":{"line":44,"column":19}},"loc":{"start":{"line":44,"column":22},"end":{"line":52,"column":1}},"line":44},"3":{"name":"countDown","decl":{"start":{"line":58,"column":9},"end":{"line":58,"column":18}},"loc":{"start":{"line":58,"column":34},"end":{"line":100,"column":1}},"line":58},"4":{"name":"resetTimer","decl":{"start":{"line":105,"column":9},"end":{"line":105,"column":19}},"loc":{"start":{"line":105,"column":22},"end":{"line":113,"column":1}},"line":105},"5":{"name":"enterShortBreak","decl":{"start":{"line":118,"column":9},"end":{"line":118,"column":24}},"loc":{"start":{"line":118,"column":27},"end":{"line":126,"column":1}},"line":118},"6":{"name":"(anonymous_6)","decl":{"start":{"line":120,"column":13},"end":{"line":120,"column":14}},"loc":{"start":{"line":120,"column":19},"end":{"line":125,"column":3}},"line":120},"7":{"name":"enterPomo","decl":{"start":{"line":131,"column":9},"end":{"line":131,"column":18}},"loc":{"start":{"line":131,"column":21},"end":{"line":152,"column":1}},"line":131},"8":{"name":"(anonymous_8)","decl":{"start":{"line":133,"column":13},"end":{"line":133,"column":14}},"loc":{"start":{"line":133,"column":19},"end":{"line":151,"column":3}},"line":133},"9":{"name":"enterLongBreak","decl":{"start":{"line":157,"column":9},"end":{"line":157,"column":23}},"loc":{"start":{"line":157,"column":26},"end":{"line":165,"column":1}},"line":157},"10":{"name":"(anonymous_10)","decl":{"start":{"line":159,"column":13},"end":{"line":159,"column":14}},"loc":{"start":{"line":159,"column":19},"end":{"line":164,"column":3}},"line":159},"11":{"name":"makeZero","decl":{"start":{"line":170,"column":9},"end":{"line":170,"column":17}},"loc":{"start":{"line":170,"column":20},"end":{"line":172,"column":1}},"line":170}},"branchMap":{"0":{"loc":{"start":{"line":26,"column":2},"end":{"line":32,"column":3}},"type":"if","locations":[{"start":{"line":26,"column":2},"end":{"line":32,"column":3}},{"start":{"line":26,"column":2},"end":{"line":32,"column":3}}],"line":26},"1":{"loc":{"start":{"line":74,"column":2},"end":{"line":76,"column":3}},"type":"if","locations":[{"start":{"line":74,"column":2},"end":{"line":76,"column":3}},{"start":{"line":74,"column":2},"end":{"line":76,"column":3}}],"line":74},"2":{"loc":{"start":{"line":77,"column":2},"end":{"line":79,"column":3}},"type":"if","locations":[{"start":{"line":77,"column":2},"end":{"line":79,"column":3}},{"start":{"line":77,"column":2},"end":{"line":79,"column":3}}],"line":77},"3":{"loc":{"start":{"line":83,"column":2},"end":{"line":99,"column":3}},"type":"if","locations":[{"start":{"line":83,"column":2},"end":{"line":99,"column":3}},{"start":{"line":83,"column":2},"end":{"line":99,"column":3}}],"line":83},"4":{"loc":{"start":{"line":83,"column":6},"end":{"line":83,"column":40}},"type":"binary-expr","locations":[{"start":{"line":83,"column":6},"end":{"line":83,"column":21}},{"start":{"line":83,"column":25},"end":{"line":83,"column":40}}],"line":83},"5":{"loc":{"start":{"line":88,"column":4},"end":{"line":98,"column":5}},"type":"if","locations":[{"start":{"line":88,"column":4},"end":{"line":98,"column":5}},{"start":{"line":88,"column":4},"end":{"line":98,"column":5}}],"line":88},"6":{"loc":{"start":{"line":89,"column":6},"end":{"line":95,"column":7}},"type":"if","locations":[{"start":{"line":89,"column":6},"end":{"line":95,"column":7}},{"start":{"line":89,"column":6},"end":{"line":95,"column":7}}],"line":89},"7":{"loc":{"start":{"line":96,"column":11},"end":{"line":98,"column":5}},"type":"if","locations":[{"start":{"line":96,"column":11},"end":{"line":98,"column":5}},{"start":{"line":96,"column":11},"end":{"line":98,"column":5}}],"line":96},"8":{"loc":{"start":{"line":96,"column":15},"end":{"line":96,"column":74}},"type":"binary-expr","locations":[{"start":{"line":96,"column":15},"end":{"line":96,"column":43}},{"start":{"line":96,"column":47},"end":{"line":96,"column":74}}],"line":96},"9":{"loc":{"start":{"line":137,"column":4},"end":{"line":143,"column":5}},"type":"if","locations":[{"start":{"line":137,"column":4},"end":{"line":143,"column":5}},{"start":{"line":137,"column":4},"end":{"line":143,"column":5}}],"line":137},"10":{"loc":{"start":{"line":140,"column":11},"end":{"line":143,"column":5}},"type":"if","locations":[{"start":{"line":140,"column":11},"end":{"line":143,"column":5}},{"start":{"line":140,"column":11},"end":{"line":143,"column":5}}],"line":140}},"s":{"0":1,"1":1,"2":1,"3":1,"4":1,"5":1,"6":1,"7":1,"8":1,"9":1,"10":1,"11":4,"12":4,"13":2,"14":2,"15":2,"16":2,"17":1,"18":2,"19":2,"20":2,"21":2,"22":2,"23":1,"24":1,"25":1,"26":1,"27":1,"28":1,"29":1,"30":1,"31":1,"32":1,"33":1,"34":0,"35":0,"36":0,"37":0,"38":0,"39":0,"40":0,"41":0,"42":0,"43":2,"44":2,"45":2,"46":2,"47":2,"48":2,"49":2,"50":0,"51":0,"52":0,"53":0,"54":0,"55":0,"56":0,"57":0,"58":0,"59":0,"60":0,"61":0,"62":0,"63":0,"64":0,"65":0,"66":0,"67":0,"68":0,"69":0,"70":0,"71":0,"72":0,"73":0,"74":0,"75":0,"76":0},"f":{"0":4,"1":4,"2":2,"3":1,"4":2,"5":0,"6":0,"7":0,"8":0,"9":0,"10":0,"11":0},"b":{"0":[2,2],"1":[1,0],"2":[1,0],"3":[0,1],"4":[1,1],"5":[0,0],"6":[0,0],"7":[0,0],"8":[0,0],"9":[0,0],"10":[0,0]},"_coverageSchema":"1a1c01bbd47fc00a2c39e90264f33305004495a9","hash":"94693326408c48ab750f46bcd93c6c482b6c1a6c"}
,"/mnt/c/Users/laoui/Google Drive/W21/CSE110/lb/110-G/cse110-w21-group23/source/taskbar.js": {"path":"/mnt/c/Users/laoui/Google Drive/W21/CSE110/lb/110-G/cse110-w21-group23/source/taskbar.js","statementMap":{"0":{"start":{"line":5,"column":2},"end":{"line":5,"column":59}},"1":{"start":{"line":9,"column":2},"end":{"line":9,"column":59}},"2":{"start":{"line":12,"column":17},"end":{"line":12,"column":19}},"3":{"start":{"line":13,"column":19},"end":{"line":13,"column":21}},"4":{"start":{"line":15,"column":19},"end":{"line":15,"column":59}},"5":{"start":{"line":16,"column":13},"end":{"line":16,"column":44}},"6":{"start":{"line":17,"column":20},"end":{"line":17,"column":62}},"7":{"start":{"line":18,"column":18},"end":{"line":18,"column":57}},"8":{"start":{"line":20,"column":0},"end":{"line":25,"column":2}},"9":{"start":{"line":22,"column":2},"end":{"line":24,"column":3}},"10":{"start":{"line":23,"column":4},"end":{"line":23,"column":21}},"11":{"start":{"line":31,"column":2},"end":{"line":39,"column":3}},"12":{"start":{"line":33,"column":4},"end":{"line":33,"column":65}},"13":{"start":{"line":34,"column":4},"end":{"line":37,"column":6}},"14":{"start":{"line":35,"column":21},"end":{"line":35,"column":68}},"15":{"start":{"line":36,"column":6},"end":{"line":36,"column":40}},"16":{"start":{"line":38,"column":4},"end":{"line":38,"column":19}},"17":{"start":{"line":40,"column":2},"end":{"line":47,"column":3}},"18":{"start":{"line":42,"column":4},"end":{"line":42,"column":69}},"19":{"start":{"line":43,"column":4},"end":{"line":46,"column":6}},"20":{"start":{"line":44,"column":21},"end":{"line":44,"column":71}},"21":{"start":{"line":45,"column":6},"end":{"line":45,"column":41}},"22":{"start":{"line":51,"column":0},"end":{"line":67,"column":1}},"23":{"start":{"line":54,"column":21},"end":{"line":54,"column":52}},"24":{"start":{"line":55,"column":2},"end":{"line":55,"column":42}},"25":{"start":{"line":56,"column":2},"end":{"line":56,"column":48}},"26":{"start":{"line":57,"column":2},"end":{"line":57,"column":56}},"27":{"start":{"line":59,"column":2},"end":{"line":59,"column":38}},"28":{"start":{"line":62,"column":2},"end":{"line":66,"column":5}},"29":{"start":{"line":63,"column":22},"end":{"line":63,"column":43}},"30":{"start":{"line":64,"column":4},"end":{"line":64,"column":27}},"31":{"start":{"line":65,"column":4},"end":{"line":65,"column":23}},"32":{"start":{"line":75,"column":17},"end":{"line":75,"column":22}},"33":{"start":{"line":76,"column":2},"end":{"line":78,"column":3}},"34":{"start":{"line":77,"column":4},"end":{"line":77,"column":20}},"35":{"start":{"line":79,"column":2},"end":{"line":79,"column":41}},"36":{"start":{"line":80,"column":16},"end":{"line":80,"column":65}},"37":{"start":{"line":81,"column":2},"end":{"line":81,"column":35}},"38":{"start":{"line":83,"column":2},"end":{"line":83,"column":66}},"39":{"start":{"line":86,"column":2},"end":{"line":88,"column":3}},"40":{"start":{"line":87,"column":4},"end":{"line":87,"column":19}},"41":{"start":{"line":96,"column":15},"end":{"line":96,"column":23}},"42":{"start":{"line":97,"column":19},"end":{"line":97,"column":51}},"43":{"start":{"line":98,"column":20},"end":{"line":98,"column":59}},"44":{"start":{"line":99,"column":2},"end":{"line":99,"column":19}},"45":{"start":{"line":104,"column":15},"end":{"line":104,"column":16}},"46":{"start":{"line":105,"column":15},"end":{"line":105,"column":16}},"47":{"start":{"line":106,"column":2},"end":{"line":113,"column":4}},"48":{"start":{"line":107,"column":4},"end":{"line":111,"column":5}},"49":{"start":{"line":108,"column":6},"end":{"line":108,"column":27}},"50":{"start":{"line":109,"column":6},"end":{"line":109,"column":34}},"51":{"start":{"line":110,"column":6},"end":{"line":110,"column":21}},"52":{"start":{"line":112,"column":4},"end":{"line":112,"column":12}},"53":{"start":{"line":115,"column":15},"end":{"line":115,"column":16}},"54":{"start":{"line":116,"column":2},"end":{"line":122,"column":4}},"55":{"start":{"line":117,"column":4},"end":{"line":120,"column":5}},"56":{"start":{"line":118,"column":6},"end":{"line":118,"column":29}},"57":{"start":{"line":119,"column":6},"end":{"line":119,"column":36}},"58":{"start":{"line":121,"column":4},"end":{"line":121,"column":12}},"59":{"start":{"line":124,"column":2},"end":{"line":132,"column":3}},"60":{"start":{"line":125,"column":4},"end":{"line":125,"column":68}},"61":{"start":{"line":127,"column":4},"end":{"line":129,"column":5}},"62":{"start":{"line":128,"column":6},"end":{"line":128,"column":21}},"63":{"start":{"line":130,"column":9},"end":{"line":132,"column":3}},"64":{"start":{"line":131,"column":4},"end":{"line":131,"column":72}},"65":{"start":{"line":140,"column":19},"end":{"line":140,"column":27}},"66":{"start":{"line":141,"column":19},"end":{"line":141,"column":41}},"67":{"start":{"line":142,"column":20},"end":{"line":142,"column":59}},"68":{"start":{"line":143,"column":2},"end":{"line":143,"column":19}},"69":{"start":{"line":145,"column":14},"end":{"line":145,"column":15}},"70":{"start":{"line":146,"column":14},"end":{"line":146,"column":15}},"71":{"start":{"line":148,"column":2},"end":{"line":154,"column":4}},"72":{"start":{"line":149,"column":4},"end":{"line":152,"column":5}},"73":{"start":{"line":150,"column":6},"end":{"line":150,"column":33}},"74":{"start":{"line":151,"column":6},"end":{"line":151,"column":19}},"75":{"start":{"line":153,"column":4},"end":{"line":153,"column":11}},"76":{"start":{"line":155,"column":2},"end":{"line":155,"column":66}},"77":{"start":{"line":158,"column":2},"end":{"line":158,"column":41}},"78":{"start":{"line":159,"column":2},"end":{"line":159,"column":79}},"79":{"start":{"line":160,"column":2},"end":{"line":160,"column":70}},"80":{"start":{"line":163,"column":2},"end":{"line":165,"column":3}},"81":{"start":{"line":164,"column":4},"end":{"line":164,"column":19}},"82":{"start":{"line":172,"column":4},"end":{"line":172,"column":30}},"83":{"start":{"line":174,"column":4},"end":{"line":179,"column":5}},"84":{"start":{"line":175,"column":27},"end":{"line":175,"column":90}},"85":{"start":{"line":176,"column":6},"end":{"line":176,"column":83}},"86":{"start":{"line":178,"column":6},"end":{"line":178,"column":46}},"87":{"start":{"line":188,"column":2},"end":{"line":188,"column":43}},"88":{"start":{"line":190,"column":2},"end":{"line":190,"column":20}},"89":{"start":{"line":198,"column":15},"end":{"line":198,"column":23}},"90":{"start":{"line":199,"column":19},"end":{"line":199,"column":51}},"91":{"start":{"line":200,"column":20},"end":{"line":200,"column":59}},"92":{"start":{"line":203,"column":21},"end":{"line":203,"column":52}},"93":{"start":{"line":204,"column":2},"end":{"line":204,"column":42}},"94":{"start":{"line":205,"column":2},"end":{"line":205,"column":48}},"95":{"start":{"line":206,"column":2},"end":{"line":206,"column":51}},"96":{"start":{"line":208,"column":14},"end":{"line":208,"column":49}},"97":{"start":{"line":209,"column":2},"end":{"line":209,"column":33}},"98":{"start":{"line":211,"column":2},"end":{"line":211,"column":29}},"99":{"start":{"line":212,"column":2},"end":{"line":214,"column":3}},"100":{"start":{"line":212,"column":15},"end":{"line":212,"column":16}},"101":{"start":{"line":213,"column":4},"end":{"line":213,"column":38}},"102":{"start":{"line":215,"column":2},"end":{"line":215,"column":38}},"103":{"start":{"line":217,"column":2},"end":{"line":219,"column":3}},"104":{"start":{"line":217,"column":15},"end":{"line":217,"column":24}},"105":{"start":{"line":218,"column":4},"end":{"line":218,"column":38}},"106":{"start":{"line":222,"column":2},"end":{"line":251,"column":5}},"107":{"start":{"line":223,"column":22},"end":{"line":223,"column":43}},"108":{"start":{"line":224,"column":22},"end":{"line":224,"column":71}},"109":{"start":{"line":227,"column":16},"end":{"line":227,"column":51}},"110":{"start":{"line":228,"column":4},"end":{"line":228,"column":37}},"111":{"start":{"line":230,"column":4},"end":{"line":230,"column":23}},"112":{"start":{"line":233,"column":4},"end":{"line":233,"column":31}},"113":{"start":{"line":234,"column":4},"end":{"line":236,"column":5}},"114":{"start":{"line":234,"column":17},"end":{"line":234,"column":18}},"115":{"start":{"line":235,"column":6},"end":{"line":235,"column":40}},"116":{"start":{"line":237,"column":4},"end":{"line":237,"column":41}},"117":{"start":{"line":239,"column":4},"end":{"line":241,"column":5}},"118":{"start":{"line":239,"column":17},"end":{"line":239,"column":26}},"119":{"start":{"line":240,"column":6},"end":{"line":240,"column":40}},"120":{"start":{"line":244,"column":4},"end":{"line":244,"column":45}},"121":{"start":{"line":245,"column":4},"end":{"line":245,"column":68}},"122":{"start":{"line":248,"column":4},"end":{"line":250,"column":5}},"123":{"start":{"line":249,"column":6},"end":{"line":249,"column":21}},"124":{"start":{"line":264,"column":16},"end":{"line":264,"column":44}},"125":{"start":{"line":265,"column":2},"end":{"line":265,"column":39}},"126":{"start":{"line":268,"column":17},"end":{"line":268,"column":48}},"127":{"start":{"line":269,"column":2},"end":{"line":269,"column":44}},"128":{"start":{"line":270,"column":2},"end":{"line":270,"column":43}},"129":{"start":{"line":271,"column":2},"end":{"line":277,"column":3}},"130":{"start":{"line":272,"column":4},"end":{"line":272,"column":56}},"131":{"start":{"line":273,"column":9},"end":{"line":277,"column":3}},"132":{"start":{"line":274,"column":4},"end":{"line":274,"column":27}},"133":{"start":{"line":275,"column":9},"end":{"line":277,"column":3}},"134":{"start":{"line":276,"column":4},"end":{"line":276,"column":53}},"135":{"start":{"line":280,"column":18},"end":{"line":280,"column":45}},"136":{"start":{"line":281,"column":2},"end":{"line":281,"column":46}},"137":{"start":{"line":282,"column":2},"end":{"line":282,"column":35}},"138":{"start":{"line":285,"column":17},"end":{"line":285,"column":47}},"139":{"start":{"line":286,"column":2},"end":{"line":286,"column":44}},"140":{"start":{"line":287,"column":2},"end":{"line":287,"column":46}},"141":{"start":{"line":288,"column":2},"end":{"line":288,"column":67}},"142":{"start":{"line":291,"column":19},"end":{"line":291,"column":49}},"143":{"start":{"line":292,"column":2},"end":{"line":292,"column":48}},"144":{"start":{"line":293,"column":2},"end":{"line":293,"column":50}},"145":{"start":{"line":294,"column":2},"end":{"line":294,"column":54}},"146":{"start":{"line":296,"column":2},"end":{"line":296,"column":31}},"147":{"start":{"line":297,"column":2},"end":{"line":297,"column":32}},"148":{"start":{"line":298,"column":2},"end":{"line":300,"column":3}},"149":{"start":{"line":299,"column":4},"end":{"line":299,"column":33}},"150":{"start":{"line":301,"column":2},"end":{"line":303,"column":3}},"151":{"start":{"line":302,"column":4},"end":{"line":302,"column":35}},"152":{"start":{"line":305,"column":2},"end":{"line":305,"column":16}},"153":{"start":{"line":308,"column":0},"end":{"line":309,"column":84}}},"fnMap":{"0":{"name":"openNav","decl":{"start":{"line":3,"column":9},"end":{"line":3,"column":16}},"loc":{"start":{"line":3,"column":19},"end":{"line":6,"column":1}},"line":3},"1":{"name":"closeNav","decl":{"start":{"line":8,"column":9},"end":{"line":8,"column":17}},"loc":{"start":{"line":8,"column":21},"end":{"line":10,"column":1}},"line":8},"2":{"name":"(anonymous_2)","decl":{"start":{"line":20,"column":44},"end":{"line":20,"column":45}},"loc":{"start":{"line":20,"column":50},"end":{"line":25,"column":1}},"line":20},"3":{"name":"appendAllTasks","decl":{"start":{"line":30,"column":9},"end":{"line":30,"column":23}},"loc":{"start":{"line":30,"column":26},"end":{"line":48,"column":1}},"line":30},"4":{"name":"(anonymous_4)","decl":{"start":{"line":34,"column":23},"end":{"line":34,"column":24}},"loc":{"start":{"line":34,"column":33},"end":{"line":37,"column":5}},"line":34},"5":{"name":"(anonymous_5)","decl":{"start":{"line":43,"column":25},"end":{"line":43,"column":26}},"loc":{"start":{"line":43,"column":35},"end":{"line":46,"column":5}},"line":43},"6":{"name":"(anonymous_6)","decl":{"start":{"line":51,"column":17},"end":{"line":51,"column":18}},"loc":{"start":{"line":51,"column":29},"end":{"line":67,"column":1}},"line":51},"7":{"name":"(anonymous_7)","decl":{"start":{"line":62,"column":40},"end":{"line":62,"column":41}},"loc":{"start":{"line":62,"column":47},"end":{"line":66,"column":3}},"line":62},"8":{"name":"addNewTask","decl":{"start":{"line":73,"column":9},"end":{"line":73,"column":19}},"loc":{"start":{"line":73,"column":33},"end":{"line":89,"column":1}},"line":73},"9":{"name":"deleteTask","decl":{"start":{"line":95,"column":9},"end":{"line":95,"column":19}},"loc":{"start":{"line":95,"column":23},"end":{"line":133,"column":1}},"line":95},"10":{"name":"(anonymous_10)","decl":{"start":{"line":106,"column":21},"end":{"line":106,"column":22}},"loc":{"start":{"line":106,"column":31},"end":{"line":113,"column":3}},"line":106},"11":{"name":"(anonymous_11)","decl":{"start":{"line":116,"column":23},"end":{"line":116,"column":24}},"loc":{"start":{"line":116,"column":33},"end":{"line":122,"column":3}},"line":116},"12":{"name":"checkToComplete","decl":{"start":{"line":139,"column":9},"end":{"line":139,"column":24}},"loc":{"start":{"line":139,"column":28},"end":{"line":166,"column":1}},"line":139},"13":{"name":"(anonymous_13)","decl":{"start":{"line":148,"column":21},"end":{"line":148,"column":22}},"loc":{"start":{"line":148,"column":31},"end":{"line":154,"column":3}},"line":148},"14":{"name":"renderTopTask","decl":{"start":{"line":171,"column":9},"end":{"line":171,"column":22}},"loc":{"start":{"line":171,"column":25},"end":{"line":180,"column":1}},"line":171},"15":{"name":"checkTopTask","decl":{"start":{"line":186,"column":9},"end":{"line":186,"column":21}},"loc":{"start":{"line":186,"column":25},"end":{"line":191,"column":1}},"line":186},"16":{"name":"editTask","decl":{"start":{"line":197,"column":9},"end":{"line":197,"column":17}},"loc":{"start":{"line":197,"column":21},"end":{"line":252,"column":1}},"line":197},"17":{"name":"(anonymous_17)","decl":{"start":{"line":222,"column":40},"end":{"line":222,"column":41}},"loc":{"start":{"line":222,"column":47},"end":{"line":251,"column":3}},"line":222},"18":{"name":"createNewTask","decl":{"start":{"line":262,"column":9},"end":{"line":262,"column":22}},"loc":{"start":{"line":262,"column":63},"end":{"line":306,"column":1}},"line":262}},"branchMap":{"0":{"loc":{"start":{"line":22,"column":2},"end":{"line":24,"column":3}},"type":"if","locations":[{"start":{"line":22,"column":2},"end":{"line":24,"column":3}},{"start":{"line":22,"column":2},"end":{"line":24,"column":3}}],"line":22},"1":{"loc":{"start":{"line":22,"column":6},"end":{"line":22,"column":84}},"type":"binary-expr","locations":[{"start":{"line":22,"column":6},"end":{"line":22,"column":42}},{"start":{"line":22,"column":46},"end":{"line":22,"column":84}}],"line":22},"2":{"loc":{"start":{"line":31,"column":2},"end":{"line":39,"column":3}},"type":"if","locations":[{"start":{"line":31,"column":2},"end":{"line":39,"column":3}},{"start":{"line":31,"column":2},"end":{"line":39,"column":3}}],"line":31},"3":{"loc":{"start":{"line":40,"column":2},"end":{"line":47,"column":3}},"type":"if","locations":[{"start":{"line":40,"column":2},"end":{"line":47,"column":3}},{"start":{"line":40,"column":2},"end":{"line":47,"column":3}}],"line":40},"4":{"loc":{"start":{"line":76,"column":2},"end":{"line":78,"column":3}},"type":"if","locations":[{"start":{"line":76,"column":2},"end":{"line":78,"column":3}},{"start":{"line":76,"column":2},"end":{"line":78,"column":3}}],"line":76},"5":{"loc":{"start":{"line":86,"column":2},"end":{"line":88,"column":3}},"type":"if","locations":[{"start":{"line":86,"column":2},"end":{"line":88,"column":3}},{"start":{"line":86,"column":2},"end":{"line":88,"column":3}}],"line":86},"6":{"loc":{"start":{"line":107,"column":4},"end":{"line":111,"column":5}},"type":"if","locations":[{"start":{"line":107,"column":4},"end":{"line":111,"column":5}},{"start":{"line":107,"column":4},"end":{"line":111,"column":5}}],"line":107},"7":{"loc":{"start":{"line":117,"column":4},"end":{"line":120,"column":5}},"type":"if","locations":[{"start":{"line":117,"column":4},"end":{"line":120,"column":5}},{"start":{"line":117,"column":4},"end":{"line":120,"column":5}}],"line":117},"8":{"loc":{"start":{"line":124,"column":2},"end":{"line":132,"column":3}},"type":"if","locations":[{"start":{"line":124,"column":2},"end":{"line":132,"column":3}},{"start":{"line":124,"column":2},"end":{"line":132,"column":3}}],"line":124},"9":{"loc":{"start":{"line":127,"column":4},"end":{"line":129,"column":5}},"type":"if","locations":[{"start":{"line":127,"column":4},"end":{"line":129,"column":5}},{"start":{"line":127,"column":4},"end":{"line":129,"column":5}}],"line":127},"10":{"loc":{"start":{"line":130,"column":9},"end":{"line":132,"column":3}},"type":"if","locations":[{"start":{"line":130,"column":9},"end":{"line":132,"column":3}},{"start":{"line":130,"column":9},"end":{"line":132,"column":3}}],"line":130},"11":{"loc":{"start":{"line":149,"column":4},"end":{"line":152,"column":5}},"type":"if","locations":[{"start":{"line":149,"column":4},"end":{"line":152,"column":5}},{"start":{"line":149,"column":4},"end":{"line":152,"column":5}}],"line":149},"12":{"loc":{"start":{"line":163,"column":2},"end":{"line":165,"column":3}},"type":"if","locations":[{"start":{"line":163,"column":2},"end":{"line":165,"column":3}},{"start":{"line":163,"column":2},"end":{"line":165,"column":3}}],"line":163},"13":{"loc":{"start":{"line":174,"column":4},"end":{"line":179,"column":5}},"type":"if","locations":[{"start":{"line":174,"column":4},"end":{"line":179,"column":5}},{"start":{"line":174,"column":4},"end":{"line":179,"column":5}}],"line":174},"14":{"loc":{"start":{"line":248,"column":4},"end":{"line":250,"column":5}},"type":"if","locations":[{"start":{"line":248,"column":4},"end":{"line":250,"column":5}},{"start":{"line":248,"column":4},"end":{"line":250,"column":5}}],"line":248},"15":{"loc":{"start":{"line":271,"column":2},"end":{"line":277,"column":3}},"type":"if","locations":[{"start":{"line":271,"column":2},"end":{"line":277,"column":3}},{"start":{"line":271,"column":2},"end":{"line":277,"column":3}}],"line":271},"16":{"loc":{"start":{"line":273,"column":9},"end":{"line":277,"column":3}},"type":"if","locations":[{"start":{"line":273,"column":9},"end":{"line":277,"column":3}},{"start":{"line":273,"column":9},"end":{"line":277,"column":3}}],"line":273},"17":{"loc":{"start":{"line":275,"column":9},"end":{"line":277,"column":3}},"type":"if","locations":[{"start":{"line":275,"column":9},"end":{"line":277,"column":3}},{"start":{"line":275,"column":9},"end":{"line":277,"column":3}}],"line":275},"18":{"loc":{"start":{"line":298,"column":2},"end":{"line":300,"column":3}},"type":"if","locations":[{"start":{"line":298,"column":2},"end":{"line":300,"column":3}},{"start":{"line":298,"column":2},"end":{"line":300,"column":3}}],"line":298},"19":{"loc":{"start":{"line":301,"column":2},"end":{"line":303,"column":3}},"type":"if","locations":[{"start":{"line":301,"column":2},"end":{"line":303,"column":3}},{"start":{"line":301,"column":2},"end":{"line":303,"column":3}}],"line":301}},"s":{"0":1,"1":0,"2":1,"3":1,"4":1,"5":1,"6":1,"7":1,"8":1,"9":0,"10":0,"11":0,"12":0,"13":0,"14":0,"15":0,"16":0,"17":0,"18":0,"19":0,"20":0,"21":0,"22":1,"23":0,"24":0,"25":0,"26":0,"27":0,"28":0,"29":0,"30":0,"31":0,"32":0,"33":0,"34":0,"35":0,"36":0,"37":0,"38":0,"39":0,"40":0,"41":0,"42":0,"43":0,"44":0,"45":0,"46":0,"47":0,"48":0,"49":0,"50":0,"51":0,"52":0,"53":0,"54":0,"55":0,"56":0,"57":0,"58":0,"59":0,"60":0,"61":0,"62":0,"63":0,"64":0,"65":0,"66":0,"67":0,"68":0,"69":0,"70":0,"71":0,"72":0,"73":0,"74":0,"75":0,"76":0,"77":0,"78":0,"79":0,"80":0,"81":0,"82":0,"83":0,"84":0,"85":0,"86":0,"87":0,"88":0,"89":0,"90":0,"91":0,"92":0,"93":0,"94":0,"95":0,"96":0,"97":0,"98":0,"99":0,"100":0,"101":0,"102":0,"103":0,"104":0,"105":0,"106":0,"107":0,"108":0,"109":0,"110":0,"111":0,"112":0,"113":0,"114":0,"115":0,"116":0,"117":0,"118":0,"119":0,"120":0,"121":0,"122":0,"123":0,"124":0,"125":0,"126":0,"127":0,"128":0,"129":0,"130":0,"131":0,"132":0,"133":0,"134":0,"135":0,"136":0,"137":0,"138":0,"139":0,"140":0,"141":0,"142":0,"143":0,"144":0,"145":0,"146":0,"147":0,"148":0,"149":0,"150":0,"151":0,"152":0,"153":1},"f":{"0":1,"1":0,"2":0,"3":0,"4":0,"5":0,"6":0,"7":0,"8":0,"9":0,"10":0,"11":0,"12":0,"13":0,"14":0,"15":0,"16":0,"17":0,"18":0},"b":{"0":[0,0],"1":[0,0],"2":[0,0],"3":[0,0],"4":[0,0],"5":[0,0],"6":[0,0],"7":[0,0],"8":[0,0],"9":[0,0],"10":[0,0],"11":[0,0],"12":[0,0],"13":[0,0],"14":[0,0],"15":[0,0],"16":[0,0],"17":[0,0],"18":[0,0],"19":[0,0]},"_coverageSchema":"1a1c01bbd47fc00a2c39e90264f33305004495a9","hash":"3ca6b3d8b1652f29d0382b9d6a385b04e54dae82"}
,"/mnt/c/Users/laoui/Google Drive/W21/CSE110/lb/110-G/cse110-w21-group23/source/js/infobox.js": {"path":"/mnt/c/Users/laoui/Google Drive/W21/CSE110/lb/110-G/cse110-w21-group23/source/js/infobox.js","statementMap":{"0":{"start":{"line":3,"column":13},"end":{"line":3,"column":44}},"1":{"start":{"line":7,"column":12},"end":{"line":7,"column":44}},"2":{"start":{"line":13,"column":0},"end":{"line":15,"column":1}},"3":{"start":{"line":14,"column":2},"end":{"line":14,"column":30}},"4":{"start":{"line":18,"column":14},"end":{"line":18,"column":50}},"5":{"start":{"line":24,"column":0},"end":{"line":26,"column":1}},"6":{"start":{"line":25,"column":2},"end":{"line":25,"column":29}},"7":{"start":{"line":32,"column":0},"end":{"line":36,"column":1}},"8":{"start":{"line":33,"column":2},"end":{"line":35,"column":3}},"9":{"start":{"line":34,"column":4},"end":{"line":34,"column":31}}},"fnMap":{"0":{"name":"(anonymous_0)","decl":{"start":{"line":13,"column":14},"end":{"line":13,"column":15}},"loc":{"start":{"line":13,"column":26},"end":{"line":15,"column":1}},"line":13},"1":{"name":"(anonymous_1)","decl":{"start":{"line":24,"column":16},"end":{"line":24,"column":17}},"loc":{"start":{"line":24,"column":28},"end":{"line":26,"column":1}},"line":24},"2":{"name":"(anonymous_2)","decl":{"start":{"line":32,"column":17},"end":{"line":32,"column":18}},"loc":{"start":{"line":32,"column":34},"end":{"line":36,"column":1}},"line":32}},"branchMap":{"0":{"loc":{"start":{"line":33,"column":2},"end":{"line":35,"column":3}},"type":"if","locations":[{"start":{"line":33,"column":2},"end":{"line":35,"column":3}},{"start":{"line":33,"column":2},"end":{"line":35,"column":3}}],"line":33}},"s":{"0":1,"1":1,"2":1,"3":2,"4":1,"5":1,"6":1,"7":1,"8":3,"9":0},"f":{"0":2,"1":1,"2":3},"b":{"0":[0,3]},"_coverageSchema":"1a1c01bbd47fc00a2c39e90264f33305004495a9","hash":"34724bdcc7b700affa1fbf13654e71a8a42dc094"}
,"/mnt/c/Users/laoui/Google Drive/W21/CSE110/lb/110-G/cse110-w21-group23/source/js/sum.js": {"path":"/mnt/c/Users/laoui/Google Drive/W21/CSE110/lb/110-G/cse110-w21-group23/source/js/sum.js","statementMap":{"0":{"start":{"line":7,"column":2},"end":{"line":7,"column":14}},"1":{"start":{"line":9,"column":0},"end":{"line":9,"column":20}}},"fnMap":{"0":{"name":"sum","decl":{"start":{"line":6,"column":9},"end":{"line":6,"column":12}},"loc":{"start":{"line":6,"column":20},"end":{"line":8,"column":1}},"line":6}},"branchMap":{},"s":{"0":1,"1":1},"f":{"0":1},"b":{},"_coverageSchema":"1a1c01bbd47fc00a2c39e90264f33305004495a9","hash":"c48108f17ad6fa4ea78dc6beac6f7063c28f4b9e"}
}
