TN:
SF:main.js
FN:18,(anonymous_0)
FN:25,changeButtonText
FN:44,startTimer
FN:58,countDown
FN:105,resetTimer
FN:118,enterShortBreak
FN:120,(anonymous_6)
FN:131,enterPomo
FN:133,(anonymous_8)
FN:157,enterLongBreak
FN:159,(anonymous_10)
FN:170,makeZero
FNF:12
FNH:5
FNDA:4,(anonymous_0)
FNDA:4,changeButtonText
FNDA:2,startTimer
FNDA:1,countDown
FNDA:2,resetTimer
FNDA:0,enterShortBreak
FNDA:0,(anonymous_6)
FNDA:0,enterPomo
FNDA:0,(anonymous_8)
FNDA:0,enterLongBreak
FNDA:0,(anonymous_10)
FNDA:0,makeZero
DA:3,1
DA:4,1
DA:5,1
DA:6,1
DA:7,1
DA:12,1
DA:13,1
DA:14,1
DA:15,1
DA:16,1
DA:18,1
DA:19,4
DA:26,4
DA:27,2
DA:28,2
DA:30,2
DA:31,2
DA:39,1
DA:45,2
DA:46,2
DA:47,2
DA:50,2
DA:51,2
DA:59,1
DA:60,1
DA:61,1
DA:68,1
DA:71,1
DA:74,1
DA:75,1
DA:77,1
DA:78,1
DA:80,1
DA:83,1
DA:85,0
DA:88,0
DA:89,0
DA:90,0
DA:91,0
DA:93,0
DA:94,0
DA:96,0
DA:97,0
DA:106,2
DA:107,2
DA:108,2
DA:109,2
DA:110,2
DA:111,2
DA:112,2
DA:119,0
DA:120,0
DA:121,0
DA:122,0
DA:123,0
DA:124,0
DA:132,0
DA:133,0
DA:134,0
DA:135,0
DA:137,0
DA:139,0
DA:140,0
DA:142,0
DA:144,0
DA:145,0
DA:147,0
DA:148,0
DA:149,0
DA:150,0
DA:158,0
DA:159,0
DA:160,0
DA:161,0
DA:162,0
DA:163,0
DA:171,0
LF:77
LH:41
BRDA:26,0,0,2
BRDA:26,0,1,2
BRDA:74,1,0,1
BRDA:74,1,1,0
BRDA:77,2,0,1
BRDA:77,2,1,0
BRDA:83,3,0,0
BRDA:83,3,1,1
BRDA:83,4,0,1
BRDA:83,4,1,1
BRDA:88,5,0,0
BRDA:88,5,1,0
BRDA:89,6,0,0
BRDA:89,6,1,0
BRDA:96,7,0,0
BRDA:96,7,1,0
BRDA:96,8,0,0
BRDA:96,8,1,0
BRDA:137,9,0,0
BRDA:137,9,1,0
BRDA:140,10,0,0
BRDA:140,10,1,0
BRF:22
BRH:7
end_of_record
TN:
SF:taskbar.js
FN:3,openNav
FN:8,closeNav
FN:20,(anonymous_2)
FN:30,appendAllTasks
FN:34,(anonymous_4)
FN:43,(anonymous_5)
FN:51,(anonymous_6)
FN:62,(anonymous_7)
FN:73,addNewTask
FN:95,deleteTask
FN:106,(anonymous_10)
FN:116,(anonymous_11)
FN:139,checkToComplete
FN:148,(anonymous_13)
FN:171,renderTopTask
FN:186,checkTopTask
FN:197,editTask
FN:222,(anonymous_17)
FN:262,createNewTask
FNF:19
FNH:1
FNDA:1,openNav
FNDA:0,closeNav
FNDA:0,(anonymous_2)
FNDA:0,appendAllTasks
FNDA:0,(anonymous_4)
FNDA:0,(anonymous_5)
FNDA:0,(anonymous_6)
FNDA:0,(anonymous_7)
FNDA:0,addNewTask
FNDA:0,deleteTask
FNDA:0,(anonymous_10)
FNDA:0,(anonymous_11)
FNDA:0,checkToComplete
FNDA:0,(anonymous_13)
FNDA:0,renderTopTask
FNDA:0,checkTopTask
FNDA:0,editTask
FNDA:0,(anonymous_17)
FNDA:0,createNewTask
DA:5,1
DA:9,0
DA:12,1
DA:13,1
DA:15,1
DA:16,1
DA:17,1
DA:18,1
DA:20,1
DA:22,0
DA:23,0
DA:31,0
DA:33,0
DA:34,0
DA:35,0
DA:36,0
DA:38,0
DA:40,0
DA:42,0
DA:43,0
DA:44,0
DA:45,0
DA:51,1
DA:54,0
DA:55,0
DA:56,0
DA:57,0
DA:59,0
DA:62,0
DA:63,0
DA:64,0
DA:65,0
DA:75,0
DA:76,0
DA:77,0
DA:79,0
DA:80,0
DA:81,0
DA:83,0
DA:86,0
DA:87,0
DA:96,0
DA:97,0
DA:98,0
DA:99,0
DA:104,0
DA:105,0
DA:106,0
DA:107,0
DA:108,0
DA:109,0
DA:110,0
DA:112,0
DA:115,0
DA:116,0
DA:117,0
DA:118,0
DA:119,0
DA:121,0
DA:124,0
DA:125,0
DA:127,0
DA:128,0
DA:130,0
DA:131,0
DA:140,0
DA:141,0
DA:142,0
DA:143,0
DA:145,0
DA:146,0
DA:148,0
DA:149,0
DA:150,0
DA:151,0
DA:153,0
DA:155,0
DA:158,0
DA:159,0
DA:160,0
DA:163,0
DA:164,0
DA:172,0
DA:174,0
DA:175,0
DA:176,0
DA:178,0
DA:188,0
DA:190,0
DA:198,0
DA:199,0
DA:200,0
DA:203,0
DA:204,0
DA:205,0
DA:206,0
DA:208,0
DA:209,0
DA:211,0
DA:212,0
DA:213,0
DA:215,0
DA:217,0
DA:218,0
DA:222,0
DA:223,0
DA:224,0
DA:227,0
DA:228,0
DA:230,0
DA:233,0
DA:234,0
DA:235,0
DA:237,0
DA:239,0
DA:240,0
DA:244,0
DA:245,0
DA:248,0
DA:249,0
DA:264,0
DA:265,0
DA:268,0
DA:269,0
DA:270,0
DA:271,0
DA:272,0
DA:273,0
DA:274,0
DA:275,0
DA:276,0
DA:280,0
DA:281,0
DA:282,0
DA:285,0
DA:286,0
DA:287,0
DA:288,0
DA:291,0
DA:292,0
DA:293,0
DA:294,0
DA:296,0
DA:297,0
DA:298,0
DA:299,0
DA:301,0
DA:302,0
DA:305,0
DA:308,1
LF:150
LH:10
BRDA:22,0,0,0
BRDA:22,0,1,0
BRDA:22,1,0,0
BRDA:22,1,1,0
BRDA:31,2,0,0
BRDA:31,2,1,0
BRDA:40,3,0,0
BRDA:40,3,1,0
BRDA:76,4,0,0
BRDA:76,4,1,0
BRDA:86,5,0,0
BRDA:86,5,1,0
BRDA:107,6,0,0
BRDA:107,6,1,0
BRDA:117,7,0,0
BRDA:117,7,1,0
BRDA:124,8,0,0
BRDA:124,8,1,0
BRDA:127,9,0,0
BRDA:127,9,1,0
BRDA:130,10,0,0
BRDA:130,10,1,0
BRDA:149,11,0,0
BRDA:149,11,1,0
BRDA:163,12,0,0
BRDA:163,12,1,0
BRDA:174,13,0,0
BRDA:174,13,1,0
BRDA:248,14,0,0
BRDA:248,14,1,0
BRDA:271,15,0,0
BRDA:271,15,1,0
BRDA:273,16,0,0
BRDA:273,16,1,0
BRDA:275,17,0,0
BRDA:275,17,1,0
BRDA:298,18,0,0
BRDA:298,18,1,0
BRDA:301,19,0,0
BRDA:301,19,1,0
BRF:40
BRH:0
end_of_record
TN:
SF:js/infobox.js
FN:13,(anonymous_0)
FN:24,(anonymous_1)
FN:32,(anonymous_2)
FNF:3
FNH:3
FNDA:2,(anonymous_0)
FNDA:1,(anonymous_1)
FNDA:3,(anonymous_2)
DA:3,1
DA:7,1
DA:13,1
DA:14,2
DA:18,1
DA:24,1
DA:25,1
DA:32,1
DA:33,3
DA:34,0
LF:10
LH:9
BRDA:33,0,0,0
BRDA:33,0,1,3
BRF:2
BRH:1
end_of_record
TN:
SF:js/sum.js
FN:6,sum
FNF:1
FNH:1
FNDA:1,sum
DA:7,1
DA:9,1
LF:2
LH:2
BRF:0
BRH:0
end_of_record
